<?xml version="1.0" encoding="utf-8"?><Tests><edtdocversion branch="retail" build="50727" revision="312" /><TestRun type="Microsoft.VisualStudio.TestTools.Common.TestRun"><id type="System.Guid">02c58d8d-c118-40ab-bd66-492d117163fa</id><name type="System.String">keenew@KEENEW-LAPTOP 2007-06-19 12:08:15</name><runUser type="System.String">NORTHAMERICA\keenew</runUser><runConfig type="Microsoft.VisualStudio.TestTools.Common.TestRunConfiguration"><id type="Microsoft.VisualStudio.TestTools.Common.TestRunConfigurationId"><id type="System.Guid">4aaa0f8b-e0cb-45e1-9601-eca4427f35bf</id></id><name type="System.String">Local Test Run</name><description type="System.String">This is a default test run configuration for a local test run.</description><isCodeCoverageEnabled type="System.Boolean">False</isCodeCoverageEnabled><codeCoverageItems type="System.Collections.Generic.List`1[[Microsoft.VisualStudio.TestTools.Common.CodeCoverageItem, Microsoft.VisualStudio.QualityTools.Common, Version=8.0.0.0, Culture=neutral, PublicKeyToken=b03f5f7f11d50a3a]]"><_size type="System.Int32">0</_size><_version type="System.Int32">0</_version></codeCoverageItems><codeCoverageKeyFile type="System.String" /><aspNetProjectCoverageItems type="System.Collections.Generic.List`1[[Microsoft.VisualStudio.TestTools.Common.AspNetProjectItem, Microsoft.VisualStudio.QualityTools.Common, Version=8.0.0.0, Culture=neutral, PublicKeyToken=b03f5f7f11d50a3a]]"><_size type="System.Int32">0</_size><_version type="System.Int32">0</_version></aspNetProjectCoverageItems><isExecutedRemotely type="System.Boolean">False</isExecutedRemotely><bucketSize type="System.Int32">200</bucketSize><bucketThreshold type="System.Int32">1000</bucketThreshold><runTimeout type="System.Int32">0</runTimeout><testTimeout type="System.Int32">300000</testTimeout><agentNotRespondingTimeout type="System.Int32">300000</agentNotRespondingTimeout><deploymentTimeout type="System.Int32">300000</deploymentTimeout><controllerName type="System.String" /><plugins type="System.Collections.Generic.List`1[[System.String, mscorlib, Version=2.0.0.0, Culture=neutral, PublicKeyToken=b77a5c561934e089]]"><_items type="System.String[]"><element type="System.String">Microsoft.VisualStudio.TestTools.HostAdapters.AspNetPlugin, Microsoft.VisualStudio.QualityTools.HostAdapters.ASPNETAgent, Version=8.0.0.0, PublicKeyToken=b03f5f7f11d50a3a</element><element /><element /><element /></_items><_size type="System.Int32">1</_size><_version type="System.Int32">1</_version></plugins><testTypeSpecificData type="System.Collections.Generic.Dictionary`2[[Microsoft.VisualStudio.TestTools.Common.TestType, Microsoft.VisualStudio.QualityTools.Common, Version=8.0.0.0, Culture=neutral, PublicKeyToken=b03f5f7f11d50a3a],[Microsoft.VisualStudio.TestTools.Common.ITestTypeSpecificRunConfigurationData, Microsoft.VisualStudio.QualityTools.Common, Version=8.0.0.0, Culture=neutral, PublicKeyToken=b03f5f7f11d50a3a]]"><count type="System.Int32">0</count><version type="System.Int32">0</version><freeList type="System.Int32">0</freeList><freeCount type="System.Int32">0</freeCount><comparer type="System.Collections.Generic.ObjectEqualityComparer`1[[Microsoft.VisualStudio.TestTools.Common.TestType, Microsoft.VisualStudio.QualityTools.Common, Version=8.0.0.0, Culture=neutral, PublicKeyToken=b03f5f7f11d50a3a]]" /></testTypeSpecificData><userDeploymentRoot type="System.String" /><useDefaultDeploymentRoot type="System.Boolean">True</useDefaultDeploymentRoot><runDeploymentRoot type="System.String">C:\ACME\ACME.POS.Service\TestResults\keenew_KEENEW-LAPTOP 2007-06-19 12_08_15</runDeploymentRoot><deploymentItems type="Microsoft.VisualStudio.TestTools.Common.DeploymentItemCollection"><m_container type="System.Collections.Hashtable"><key type="Microsoft.VisualStudio.TestTools.Common.DeploymentItem"><path type="System.String">C:\ACME\ACME.POS.Service\Source\Business Logic\ACME.POS.Service.BusinessEntities\bin\Debug\ACME.POS.Service.BusinessEntities.dll</path><outputDirectory type="System.String" /></key><value /><key type="Microsoft.VisualStudio.TestTools.Common.DeploymentItem"><path type="System.String">C:\ACME\ACME.POS.Service\Source\Resource Access\ACME.POS.Service.DataAccess\bin\Debug\ACME.POS.Service.DataAccess.dll</path><outputDirectory type="System.String" /></key><value /><key type="Microsoft.VisualStudio.TestTools.Common.DeploymentItem"><path type="System.String">C:\ACME\ACME.POS.Service\DataAccessTest\bin\Debug\DataAccessTest.dll</path><outputDirectory type="System.String" /></key><value /><key type="Microsoft.VisualStudio.TestTools.Common.DeploymentItem"><path type="System.String">C:\ACME\ACME.POS.Service\ACMECustomerDAL\bin\Debug\ACMECustomerDAL.dll</path><outputDirectory type="System.String" /></key><value /></m_container></deploymentItems><testRunNamingScheme type="Microsoft.VisualStudio.TestTools.Common.TestRunNamingScheme"><appendTimeStamp type="System.Boolean">True</appendTimeStamp><useDefault type="System.Boolean">True</useDefault></testRunNamingScheme><setupCommand type="System.String" /><cleanupCommand type="System.String" /><abortRunOnError type="System.Boolean">False</abortRunOnError><mapIPAddresses type="System.Boolean">False</mapIPAddresses><agentProperties type="System.Collections.Specialized.StringDictionary, System, Version=2.0.0.0, Culture=neutral, PublicKeyToken=b77a5c561934e089" /><hostData type="Microsoft.VisualStudio.TestTools.Common.HostRunConfigurationData"><mapHostSpecificData type="System.Collections.Generic.Dictionary`2[[System.String, mscorlib, Version=2.0.0.0, Culture=neutral, PublicKeyToken=b77a5c561934e089],[Microsoft.VisualStudio.TestTools.Common.IHostSpecificRunConfigurationData, Microsoft.VisualStudio.QualityTools.Common, Version=8.0.0.0, Culture=neutral, PublicKeyToken=b03f5f7f11d50a3a]]"><count type="System.Int32">0</count><version type="System.Int32">0</version><freeList type="System.Int32">0</freeList><freeCount type="System.Int32">0</freeCount><comparer type="System.Collections.Generic.GenericEqualityComparer`1[[System.String, mscorlib, Version=2.0.0.0, Culture=neutral, PublicKeyToken=b77a5c561934e089]]" /></mapHostSpecificData></hostData><ignoredDependentAssemblies type="System.String" /><apartmentState type="System.Threading.ApartmentState"><value__ type="System.Int32">0</value__></apartmentState></runConfig><result type="Microsoft.VisualStudio.TestTools.Common.RunResultAndStatistics"><runInfoList type="System.Collections.Generic.List`1[[Microsoft.VisualStudio.TestTools.Common.RunInfo, Microsoft.VisualStudio.QualityTools.Common, Version=8.0.0.0, Culture=neutral, PublicKeyToken=b03f5f7f11d50a3a]]"><_size type="System.Int32">0</_size><_version type="System.Int32">0</_version></runInfoList><totalTestCount type="System.Int32">1</totalTestCount><executedTestCount type="System.Int32">1</executedTestCount><passedTestCount type="System.Int32">0</passedTestCount><stdout type="System.String" /><stderr type="System.String" /><debugTrace type="System.String" /><outcome type="Microsoft.VisualStudio.TestTools.Common.TestOutcome"><value__ type="System.Int32">1</value__></outcome><counters type="System.Int32">0,1,0,0,0,0,0,0,0,0,0,0,0,0</counters><isPartialRun type="System.Boolean">False</isPartialRun></result><creationTime type="System.DateTime"><dateData type="System.UInt64">5244864679384449462</dateData></creationTime><queueingTime type="System.DateTime"><dateData type="System.UInt64">5244864679405989462</dateData></queueingTime><startTime type="System.DateTime"><dateData type="System.UInt64">5244864679410409462</dateData></startTime><finishTime type="System.DateTime"><dateData type="System.UInt64">5244864679428479462</dateData></finishTime><tests type="System.Collections.Hashtable"><key type="Microsoft.VisualStudio.TestTools.Common.TestId"><id type="System.Guid">49436b3d-f09e-52c2-9adf-90ea30d84a68</id></key><value type="Microsoft.VisualStudio.TestTools.TestTypes.Unit.UnitTestElement, Microsoft.VisualStudio.QualityTools.Tips.UnitTest.ObjectModel, Version=8.0.0.0, Culture=neutral, PublicKeyToken=b03f5f7f11d50a3a"><codeBase type="System.String">C:\ACME\ACME.POS.Service\DataAccessTest\bin\Debug\DataAccessTest.dll</codeBase><adapterTypeName type="System.String">Microsoft.VisualStudio.TestTools.TestTypes.Unit.UnitTestAdapter, Microsoft.VisualStudio.QualityTools.Tips.UnitTest.Adapter, Version=8.0.0.0, Culture=neutral, PublicKeyToken=b03f5f7f11d50a3a</adapterTypeName><testMethod type="Microsoft.VisualStudio.TestTools.TestTypes.Unit.TestMethod, Microsoft.VisualStudio.QualityTools.Tips.UnitTest.ObjectModel, Version=8.0.0.0, Culture=neutral, PublicKeyToken=b03f5f7f11d50a3a"><className type="System.String">DataAccessTest.DataAccessUnitTest, DataAccessTest</className><name type="System.String">SaveCustomerTest</name><expectedExceptionMessage type="System.String" /><isValid type="System.Boolean">False</isValid></testMethod><aspNetDevServers type="System.Collections.Generic.List`1[[Microsoft.VisualStudio.TestTools.Common.AspNetDevelopmentServer, Microsoft.VisualStudio.QualityTools.Common, Version=8.0.0.0, Culture=neutral, PublicKeyToken=b03f5f7f11d50a3a]]"><_size type="System.Int32">0</_size><_version type="System.Int32">0</_version></aspNetDevServers><dataAccessMethod type="Microsoft.VisualStudio.TestTools.UnitTesting.DataAccessMethod, Microsoft.VisualStudio.QualityTools.UnitTestFramework, Version=8.0.0.0, Culture=neutral, PublicKeyToken=b03f5f7f11d50a3a"><value__ type="System.Int32">0</value__></dataAccessMethod><cssProjectStructure type="System.String" /><isRunOnRestart type="System.Boolean">False</isRunOnRestart><timeOut type="System.Int32">0</timeOut><isGroupable type="System.Boolean">True</isGroupable><abortRunOnAgentFailure type="System.Boolean">False</abortRunOnAgentFailure><cssIteration type="System.String" /><workItemIds type="System.Collections.Generic.List`1[[System.Int32, mscorlib, Version=2.0.0.0, Culture=neutral, PublicKeyToken=b77a5c561934e089]]"><_size type="System.Int32">0</_size><_version type="System.Int32">1</_version></workItemIds><id type="Microsoft.VisualStudio.TestTools.Common.TestId"><id type="System.Guid">49436b3d-f09e-52c2-9adf-90ea30d84a68</id></id><name type="System.String">SaveCustomerTest</name><description type="System.String" /><enabled type="System.Boolean">True</enabled><owner type="System.String" /><priority type="System.Int32">0</priority><executionId type="Microsoft.VisualStudio.TestTools.Common.TestExecId"><id type="System.Guid">00000000-0000-0000-0000-000000000000</id></executionId><parentExecutId type="Microsoft.VisualStudio.TestTools.Common.TestExecId"><id type="System.Guid">00000000-0000-0000-0000-000000000000</id></parentExecutId><deploymentItems type="Microsoft.VisualStudio.TestTools.Common.DeploymentItemCollection" /><agentAttributes type="System.Collections.Specialized.StringDictionary, System, Version=2.0.0.0, Culture=neutral, PublicKeyToken=b77a5c561934e089" /><storage type="System.String">c:\acme\acme.pos.service\dataaccesstest\bin\debug\dataaccesstest.dll</storage><projectData type="Microsoft.VisualStudio.TestTools.Common.ProjectData"><id type="System.Guid">f5a53874-a795-4740-a94c-70a5e06f462f</id><projectName type="System.String">DataAccessTest</projectName><solutionName type="System.String">ACME.POS.Service</solutionName><projectRelativePath type="System.String">DataAccessTest\DataAccessTest.csproj</projectRelativePath></projectData><m_nonRunnableReason type="System.String" /></value></tests><categories type="System.Collections.Hashtable"><key type="Microsoft.VisualStudio.TestTools.Common.TestCategoryId"><id type="System.Guid">8c84fa94-04c1-424b-9868-57a2d4851a1d</id></key><value type="Microsoft.VisualStudio.TestTools.Common.TestCategory"><id type="Microsoft.VisualStudio.TestTools.Common.TestCategoryId"><id type="System.Guid">8c84fa94-04c1-424b-9868-57a2d4851a1d</id></id><name type="System.String">Results Not in a List</name><description type="System.String" /><enabled type="System.Boolean">True</enabled><parentCategoryId type="Microsoft.VisualStudio.TestTools.Common.TestCategoryId"><id type="System.Guid">00000000-0000-0000-0000-000000000000</id></parentCategoryId></value><key type="Microsoft.VisualStudio.TestTools.Common.TestCategoryId"><id type="System.Guid">19431567-8539-422a-85d7-44ee4e166bda</id></key><value type="Microsoft.VisualStudio.TestTools.Common.TestCategory"><id type="Microsoft.VisualStudio.TestTools.Common.TestCategoryId"><id type="System.Guid">19431567-8539-422a-85d7-44ee4e166bda</id></id><name type="System.String">All Loaded Results</name><description type="System.String" /><enabled type="System.Boolean">True</enabled><parentCategoryId type="Microsoft.VisualStudio.TestTools.Common.TestCategoryId"><id type="System.Guid">00000000-0000-0000-0000-000000000000</id></parentCategoryId></value></categories><entries type="Microsoft.VisualStudio.TestTools.Common.TestEntry[]"><element type="Microsoft.VisualStudio.TestTools.Common.TestEntry"><m_testId type="Microsoft.VisualStudio.TestTools.Common.TestId"><id type="System.Guid">49436b3d-f09e-52c2-9adf-90ea30d84a68</id></m_testId><m_execId type="Microsoft.VisualStudio.TestTools.Common.TestExecId"><id type="System.Guid">52fa969a-fa26-4da3-8a83-65b4d3e253a6</id></m_execId><m_parentExecId type="Microsoft.VisualStudio.TestTools.Common.TestExecId"><id type="System.Guid">00000000-0000-0000-0000-000000000000</id></m_parentExecId><m_categoryId type="Microsoft.VisualStudio.TestTools.Common.TestCategoryId"><id type="System.Guid">8c84fa94-04c1-424b-9868-57a2d4851a1d</id></m_categoryId><m_isTransparent type="System.Boolean">True</m_isTransparent></element></entries></TestRun><UnitTestResult type="Microsoft.VisualStudio.TestTools.TestTypes.Unit.UnitTestResult, Microsoft.VisualStudio.QualityTools.Tips.UnitTest.ObjectModel, Version=8.0.0.0, Culture=neutral, PublicKeyToken=b03f5f7f11d50a3a"><resultType type="Microsoft.VisualStudio.TestTools.TestTypes.Unit.UnitTestResultType, Microsoft.VisualStudio.QualityTools.Tips.UnitTest.ObjectModel, Version=8.0.0.0, Culture=neutral, PublicKeyToken=b03f5f7f11d50a3a"><value__ type="System.Int32">0</value__></resultType><m_hasSufficientAccess type="System.Boolean">True</m_hasSufficientAccess><counters type="Microsoft.VisualStudio.TestTools.Common.TestResultCounter"><values type="System.Int32">0,0,0,0,0,0,0,0,0,0,0,0,0,0</values><total type="System.Int32">1</total></counters><categoryId type="Microsoft.VisualStudio.TestTools.Common.TestCategoryId"><id type="System.Guid">8c84fa94-04c1-424b-9868-57a2d4851a1d</id></categoryId><outcome type="Microsoft.VisualStudio.TestTools.Common.TestOutcome"><value__ type="System.Int32">1</value__></outcome><errorInfo type="Microsoft.VisualStudio.TestTools.Common.TestResultErrorInfo"><message type="System.String">Test method DataAccessTest.DataAccessUnitTest.SaveCustomerTest threw exception:  System.NullReferenceException: Object reference not set to an instance of an object..</message><stackTrace type="System.String">    at Microsoft.Practices.EnterpriseLibrary.Data.DatabaseMapper.MapName(String name, IConfigurationSource configSource)
   at Microsoft.Practices.EnterpriseLibrary.Common.Configuration.ObjectBuilder.ConfigurationNameMappingStrategy.BuildUp(IBuilderContext context, Type t, Object existing, String id)
   at Microsoft.Practices.ObjectBuilder.BuilderBase`1.DoBuildUp(IReadWriteLocator locator, Type typeToBuild, String idToBuild, Object existing, PolicyList[] transientPolicies)
   at Microsoft.Practices.ObjectBuilder.BuilderBase`1.BuildUp(IReadWriteLocator locator, Type typeToBuild, String idToBuild, Object existing, PolicyList[] transientPolicies)
   at Microsoft.Practices.ObjectBuilder.BuilderBase`1.BuildUp[TTypeToBuild](IReadWriteLocator locator, String idToBuild, Object existing, PolicyList[] transientPolicies)
   at Microsoft.Practices.EnterpriseLibrary.Common.Configuration.ObjectBuilder.EnterpriseLibraryFactory.BuildUp[T](IReadWriteLocator locator, IConfigurationSource configurationSource)
   at Microsoft.Practices.EnterpriseLibrary.Common.Configuration.ObjectBuilder.EnterpriseLibraryFactory.BuildUp[T](IConfigurationSource configurationSource)
   at Microsoft.Practices.EnterpriseLibrary.Common.Configuration.ObjectBuilder.NameTypeFactoryBase`1.CreateDefault()
   at Microsoft.Practices.EnterpriseLibrary.Data.DatabaseFactory.CreateDatabase()
   at ACME.POS.Domain.DAL.CustomerDAL..ctor() in C:\ACME\ACME.POS.Service\ACMECustomerDAL\CustomerDAL.cs:line 18
   at DataAccessTest.DataAccessUnitTest.SaveCustomerTest() in C:\ACME\ACME.POS.Service\DataAccessTest\DataAccessTest.cs:line 59
</stackTrace></errorInfo><traceInfo type="Microsoft.VisualStudio.TestTools.Common.TestExecutionTraceInformation"><trace type="System.Text.StringBuilder">Creating instance of class DataAccessTest.DataAccessUnitTest.
Calling Test method DataAccessTest.DataAccessUnitTest.Microsoft.VisualStudio.TestTools.TestTypes.Unit.TestMethod.
</trace></traceInfo><stdout type="System.String" /><stderr type="System.String" /><debugTrace type="System.String" /><workItemIds type="System.Collections.Generic.List`1[[System.Int32, mscorlib, Version=2.0.0.0, Culture=neutral, PublicKeyToken=b77a5c561934e089]]"><_size type="System.Int32">0</_size><_version type="System.Int32">1</_version></workItemIds><id type="Microsoft.VisualStudio.TestTools.Common.TestResultId"><runId type="System.Guid">02c58d8d-c118-40ab-bd66-492d117163fa</runId><executionId type="Microsoft.VisualStudio.TestTools.Common.TestExecId"><id type="System.Guid">52fa969a-fa26-4da3-8a83-65b4d3e253a6</id></executionId><parentExecId type="Microsoft.VisualStudio.TestTools.Common.TestExecId"><id type="System.Guid">00000000-0000-0000-0000-000000000000</id></parentExecId><testId type="Microsoft.VisualStudio.TestTools.Common.TestId"><id type="System.Guid">49436b3d-f09e-52c2-9adf-90ea30d84a68</id></testId></id><testName type="System.String">SaveCustomerTest</testName><testType type="Microsoft.VisualStudio.TestTools.Common.TestType"><id type="System.Guid">13cdc9d9-ddb5-4fa4-a97d-d965ccfc6d4b</id></testType><messageKind type="Microsoft.VisualStudio.TestTools.Common.TestMessageKind"><value__ type="System.Int32">1</value__></messageKind><computerInfo type="Microsoft.VisualStudio.TestTools.Common.ComputerInfo"><m_computerName type="System.String">KEENEW-LAPTOP</m_computerName></computerInfo><duration type="System.TimeSpan">00:00:00.6883925</duration><startTime type="System.DateTime"><dateData type="System.UInt64">633178660983921558</dateData></startTime><endTime type="System.DateTime"><dateData type="System.UInt64">633178661000541558</dateData></endTime><spoolMessage type="System.Boolean">True</spoolMessage></UnitTestResult></Tests>